Arguments: 
  C:\Program Files\nodejs\node.exe C:\Program Files (x86)\Yarn\bin\yarn.js add @supabase/supabase-js

PATH: 
  C;C:\Program Files\Git\Users\tobias.oberrauch\Anaconda3\Scripts\condabin;C:\Program Files\Git\mingw64\bin;C:\Program Files\Git\usr\bin;C:\Users\tobias.oberrauch\bin;C:\Python38\Scripts;C:\Python38;C:\ProgramData\Anaconda3;C:\ProgramData\Anaconda3\Library\mingw-w64\bin;C:\ProgramData\Anaconda3\Library\usr\bin;C:\ProgramData\Anaconda3\Library\bin;C:\ProgramData\Anaconda3\Scripts;C:\Program Files (x86)\Common Files\Intel\Shared Libraries\redist\intel64\compiler;C:\Program Files\AdoptOpenJDK\jdk-11.0.5.10-hotspot\bin;C:\Program Files (x86)\Microsoft SDKs\Azure\CLI2\wbin;C:\Python37\Scripts;C:\Python37;C:\ProgramData\Oracle\Java\javapath;C:\WINDOWS\system32;C:\WINDOWS;C:\WINDOWS\System32\Wbem;C:\WINDOWS\System32\WindowsPowerShell\v1.0;C:\WINDOWS\System32\OpenSSH;C:\Program Files\Intel\WiFi\bin;C:\Program Files\Common Files\Intel\WirelessCommon;C:\ProgramData\chocolatey\bin;C:\Program Files\dotnet;C:\Program Files\Microsoft SQL Server\130\Tools\Binn;C:\Program Files\Microsoft SQL Server\Client SDK\ODBC\170\Tools\Binn;C:\Program Files\PuTTY;C:\Program Files\Microsoft\Web Platform Installer;C:\ProgramData\ComposerSetup\bin;C:\Program Files (x86)\Yarn\bin;C:\Users\tobias.oberrauch\AppData\Roaming\Cloud Foundry;C:\Program Files\PowerShell\7-preview\preview;C:\Program Files\Docker\Docker\resources\bin;C:\ProgramData\DockerDesktop\version-bin;C:\Program Files\OpenJDK\jdk-13\bin;C:\Users\tobias.oberrauch\AppData\Roaming\nvm;C:\Program Files\nodejs;C:\Program Files\nodejs;C:\ProgramData\chocolatey\lib\maven\apache-maven-3.6.3\bin;C:\Program Files (x86)\sbt\bin;C:\Program Files\Gauge\bin;C:\ProgramData\chocolatey\lib\pulumi\tools\Pulumi\bin;C:\Program Files (x86)\Streamlink\bin;C:\Program Files\Amazon\AWSCLIV2;C:\Program Files\Azure Data Studio\bin;C:\Program Files\Git\cmd;C:\Program Files\OpenJDK\jdk-13\bin;C:\Program Files\PowerShell\7-preview;C:\ProgramData\DockerDesktop\version-bin;C:\Program Files\Docker\Docker\Resources\bin;C:\Program Files (x86)\Microsoft SDKs\Azure\CLI2\wbin;C:\Python37\Scripts;C:\Python37;C:\WINDOWS\system32;C:\WINDOWS;C:\WINDOWS\System32\Wbem;C:\WINDOWS\System32\WindowsPowerShell\v1.0;C:\WINDOWS\System32\OpenSSH;C:\Program Files\Intel\WiFi\bin;C:\Program Files\Common Files\Intel\WirelessCommon;C:\ProgramData\chocolatey\bin;C:\Program Files\dotnet;C:\Program Files\Microsoft SQL Server\130\Tools\Binn;C:\Program Files\Microsoft SQL Server\Client SDK\ODBC\170\Tools\Binn;C:\Program Files\PuTTY;C:\Program Files\Git\cmd;C:\Program Files\Microsoft\Web Platform Installer;C:\HashiCorp\Vagrant\bin;C:\Program Files (x86)\Yarn\bin;C:\Users\tobias.oberrauch\AppData\Local\Microsoft\WindowsApps;C:\Users\tobias.oberrauch\AppData\Local\Programs\Microsoft VS Code\bin;C:\Users\tobias.oberrauch\AppData\Local\GitHubDesktop\bin;C:\Program Files\Docker Toolbox;C:\Program Files (x86)\Nmap;C:\Users\tobias.oberrauch\AppData\Local\Yarn\bin;C:\Python37\lib\site-packages\pywin32_system32;C:\Users\tobias.oberrauch\.local\bin;C:\Users\tobias.oberrauch\AppData\Roaming\Python\Python37\Scripts;C:\Users\tobias.oberrauch\AppData\Roaming\nvm;C:\Program Files\nodejs;C:\Users\tobias.oberrauch\Executables;C:\Users\tobias.oberrauch\AppData\Roaming\npm;C:\tools\flutter\bin;C:\Users\tobias.oberrauch\AppData\Local\Programs\Azure Data Studio\bin;C:\Program Files\Azure Data Studio\bin;C:\Users\tobias.oberrauch\Anaconda3\Scripts

Yarn version: 
  1.19.1

Node version: 
  14.5.0

Platform: 
  win32 x64

Trace: 
  Error: https://registry.yarnpkg.com/@angular/common/-/common-10.0.1.tgz: ESOCKETTIMEDOUT
      at ClientRequest.<anonymous> (C:\Program Files (x86)\Yarn\lib\cli.js:141191:19)
      at Object.onceWrapper (events.js:420:28)
      at ClientRequest.emit (events.js:314:20)
      at TLSSocket.emitRequestTimeout (_http_client.js:769:9)
      at Object.onceWrapper (events.js:420:28)
      at TLSSocket.emit (events.js:326:22)
      at TLSSocket.Socket._onTimeout (net.js:483:8)
      at listOnTimeout (internal/timers.js:551:17)
      at processTimers (internal/timers.js:494:7)

npm manifest: 
  {
    "name": "aiplatform",
    "version": "1.0.2",
    "license": "https://themeforest.net/licenses/standard",
    "scripts": {
      "ng": "ng",
      "start": "ng serve --port 4100 --open",
      "start:mem": "node --max_old_space_size=6144 ./node_modules/@angular/cli/bin/ng serve --open",
      "build": "ng build",
      "build:prod": "ng build --prod",
      "build:prod:mem": "node --max_old_space_size=6144 ./node_modules/@angular/cli/bin/ng build --prod",
      "test": "ng test",
      "lint": "ng lint",
      "e2e": "ng e2e",
      "tw": "npm run tw:build && npm run tw:export",
      "tw:build": "./node_modules/.bin/tailwind build src/tailwind/main.css -c src/tailwind/config.js -o src/styles/tailwind.scss",
      "tw:export": "npm run tw:export:js && npm run tw:export:scss",
      "tw:export:js": "node src/@treo/tailwind/export.js -c src/tailwind/config.js -o src/@treo/tailwind/exported/variables.ts",
      "tw:export:scss": "./node_modules/.bin/tailwind build src/@treo/tailwind/export.css -c src/tailwind/config.js -o src/@treo/tailwind/exported/_variables.scss",
      "deploy": "npm run build && cd cloud && cdk deploy --profile cgi"
    },
    "private": true,
    "dependencies": {
      "@angular-material-extensions/select-country": "^3.0.4",
      "@angular/animations": "10.0.0",
      "@angular/cdk": "10.0.0",
      "@angular/common": "10.0.1",
      "@angular/compiler": "10.0.1",
      "@angular/core": "10.0.1",
      "@angular/forms": "10.0.1",
      "@angular/material": "10.0.0",
      "@angular/material-moment-adapter": "10.0.0",
      "@angular/platform-browser": "10.0.1",
      "@angular/platform-browser-dynamic": "10.0.1",
      "@angular/router": "10.0.1",
      "@aws-amplify/ui-angular": "^0.4.6",
      "@fullcalendar/angular": "4.4.5-beta",
      "@fullcalendar/core": "4.4.2",
      "@fullcalendar/daygrid": "4.4.2",
      "@fullcalendar/interaction": "4.4.2",
      "@fullcalendar/list": "4.4.2",
      "@fullcalendar/moment": "4.4.2",
      "@fullcalendar/rrule": "4.4.2",
      "@fullcalendar/timegrid": "4.4.2",
      "@ngrx/component-store": "^10.0.0",
      "@ngrx/effects": "^10.0.0",
      "@ngrx/store": "^10.0.0",
      "@ngrx/store-devtools": "^10.0.0",
      "@nlpjs/basic": "^4.14.4",
      "@nlpjs/core": "^4.14.0",
      "@nlpjs/lang-de": "^4.14.0",
      "@schematics/angular": "^9.1.8",
      "@supabase/supabase-js": "^1.11.7",
      "apexcharts": "3.19.3",
      "aws-amplify": "^3.3.3",
      "aws-sdk": "^2.771.0",
      "backendless": "^6.1.5",
      "crypto-js": "3.3.0",
      "d3": "^6.2.0",
      "highlight.js": "10.1.1",
      "lodash-es": "4.17.15",
      "moment": "2.27.0",
      "ng-apexcharts": "1.3.0",
      "ng2-pdf-viewer": "^6.3.2",
      "ngx-dropzone": "^2.3.0",
      "ngx-markdown": "9.1.1",
      "ngx-quill": "11.1.0",
      "perfect-scrollbar": "1.5.0",
      "quill": "1.3.7",
      "rrule": "2.6.4",
      "rxjs": "6.5.5",
      "svg-country-flags": "^1.2.9",
      "tslib": "2.0.0",
      "web-animations-js": "2.3.2",
      "zone.js": "0.10.3"
    },
    "devDependencies": {
      "@angular-devkit/build-angular": "^0.1100.1",
      "@angular/cli": "10.0.0",
      "@angular/compiler-cli": "10.0.1",
      "@angular/language-service": "10.0.1",
      "@types/crypto-js": "3.1.47",
      "@types/d3": "^6.2.0",
      "@types/highlight.js": "9.12.4",
      "@types/jasmine": "3.5.11",
      "@types/jasminewd2": "2.0.8",
      "@types/java": "^0.9.1",
      "@types/lodash-es": "4.17.3",
      "@types/node": "^12.12.47",
      "codelyzer": "6.0.0-next.1",
      "jasmine-core": "3.5.0",
      "jasmine-spec-reporter": "5.0.2",
      "karma": "5.0.9",
      "karma-chrome-launcher": "3.1.0",
      "karma-coverage-istanbul-reporter": "3.0.3",
      "karma-jasmine": "3.3.1",
      "karma-jasmine-html-reporter": "1.5.4",
      "lodash": "^4.17.20",
      "protractor": "7.0.0",
      "tailwindcss": "1.4.6",
      "ts-node": "8.3.0",
      "tslint": "6.1.2",
      "typescript": "3.9.5"
    }
  }

yarn manifest: 
  No manifest

Lockfile: 
  No lockfile
